1501559103.354445 client started (38328): version 2.5, socket /private/tmp/tmux-501/default, protocol 8
1501559103.354504 on Darwin 16.5.0 Darwin Kernel Version 16.5.0: Fri Mar  3 16:52:33 PST 2017; root:xnu-3789.51.2~3/RELEASE_X86_64; libevent 2.1.8-stable (select)
1501559103.354564 socket is /private/tmp/tmux-501/default
1501559103.354588 trying connect
1501559103.354697 add peer 0x7faa1d001000: 6 (0x0)
1501559103.358210 sending message 100 to peer 0x7faa1d001000 (4 bytes)
1501559103.358244 sending message 101 to peer 0x7faa1d001000 (16 bytes)
1501559103.358252 sending message 102 to peer 0x7faa1d001000 (13 bytes)
1501559103.358258 sending message 108 to peer 0x7faa1d001000 (32 bytes)
1501559103.358272 sending message 104 to peer 0x7faa1d001000 (0 bytes)
1501559103.358279 sending message 107 to peer 0x7faa1d001000 (4 bytes)
1501559103.358285 sending message 105 to peer 0x7faa1d001000 (44 bytes)
1501559103.358291 sending message 105 to peer 0x7faa1d001000 (58 bytes)
1501559103.358296 sending message 105 to peer 0x7faa1d001000 (63 bytes)
1501559103.358302 sending message 105 to peer 0x7faa1d001000 (48 bytes)
1501559103.358307 sending message 105 to peer 0x7faa1d001000 (76 bytes)
1501559103.358313 sending message 105 to peer 0x7faa1d001000 (15 bytes)
1501559103.358318 sending message 105 to peer 0x7faa1d001000 (56 bytes)
1501559103.358324 sending message 105 to peer 0x7faa1d001000 (33 bytes)
1501559103.358329 sending message 105 to peer 0x7faa1d001000 (59 bytes)
1501559103.358335 sending message 105 to peer 0x7faa1d001000 (60 bytes)
1501559103.358341 sending message 105 to peer 0x7faa1d001000 (75 bytes)
1501559103.358347 sending message 105 to peer 0x7faa1d001000 (27 bytes)
1501559103.358352 sending message 105 to peer 0x7faa1d001000 (24 bytes)
1501559103.358357 sending message 105 to peer 0x7faa1d001000 (25 bytes)
1501559103.358368 sending message 105 to peer 0x7faa1d001000 (42 bytes)
1501559103.358374 sending message 105 to peer 0x7faa1d001000 (18 bytes)
1501559103.358380 sending message 105 to peer 0x7faa1d001000 (22 bytes)
1501559103.358385 sending message 105 to peer 0x7faa1d001000 (61 bytes)
1501559103.358390 sending message 105 to peer 0x7faa1d001000 (45 bytes)
1501559103.358394 sending message 105 to peer 0x7faa1d001000 (17 bytes)
1501559103.358399 sending message 105 to peer 0x7faa1d001000 (8 bytes)
1501559103.358405 sending message 105 to peer 0x7faa1d001000 (14 bytes)
1501559103.358411 sending message 105 to peer 0x7faa1d001000 (32 bytes)
1501559103.358416 sending message 105 to peer 0x7faa1d001000 (35 bytes)
1501559103.358422 sending message 105 to peer 0x7faa1d001000 (20 bytes)
1501559103.358427 sending message 105 to peer 0x7faa1d001000 (11 bytes)
1501559103.358433 sending message 105 to peer 0x7faa1d001000 (673 bytes)
1501559103.358438 sending message 105 to peer 0x7faa1d001000 (50 bytes)
1501559103.358442 sending message 105 to peer 0x7faa1d001000 (36 bytes)
1501559103.358447 sending message 105 to peer 0x7faa1d001000 (38 bytes)
1501559103.358452 sending message 105 to peer 0x7faa1d001000 (15 bytes)
1501559103.358458 sending message 105 to peer 0x7faa1d001000 (8 bytes)
1501559103.358463 sending message 105 to peer 0x7faa1d001000 (66 bytes)
1501559103.358468 sending message 105 to peer 0x7faa1d001000 (21 bytes)
1501559103.358473 sending message 105 to peer 0x7faa1d001000 (23 bytes)
1501559103.358478 sending message 105 to peer 0x7faa1d001000 (28 bytes)
1501559103.358483 sending message 105 to peer 0x7faa1d001000 (60 bytes)
1501559103.358488 sending message 105 to peer 0x7faa1d001000 (55 bytes)
1501559103.358493 sending message 105 to peer 0x7faa1d001000 (61 bytes)
1501559103.358498 sending message 105 to peer 0x7faa1d001000 (59 bytes)
1501559103.358503 sending message 105 to peer 0x7faa1d001000 (57 bytes)
1501559103.358507 sending message 105 to peer 0x7faa1d001000 (43 bytes)
1501559103.358515 sending message 105 to peer 0x7faa1d001000 (13 bytes)
1501559103.358520 sending message 105 to peer 0x7faa1d001000 (11 bytes)
1501559103.358526 sending message 105 to peer 0x7faa1d001000 (53 bytes)
1501559103.358531 sending message 105 to peer 0x7faa1d001000 (44 bytes)
1501559103.358557 sending message 105 to peer 0x7faa1d001000 (62 bytes)
1501559103.358563 sending message 105 to peer 0x7faa1d001000 (30 bytes)
1501559103.358568 sending message 105 to peer 0x7faa1d001000 (29 bytes)
1501559103.358573 sending message 105 to peer 0x7faa1d001000 (38 bytes)
1501559103.358578 sending message 105 to peer 0x7faa1d001000 (14 bytes)
1501559103.358584 sending message 105 to peer 0x7faa1d001000 (19 bytes)
1501559103.358588 sending message 105 to peer 0x7faa1d001000 (28 bytes)
1501559103.358594 sending message 105 to peer 0x7faa1d001000 (30 bytes)
1501559103.358599 sending message 105 to peer 0x7faa1d001000 (23 bytes)
1501559103.358604 sending message 105 to peer 0x7faa1d001000 (76 bytes)
1501559103.358609 sending message 105 to peer 0x7faa1d001000 (38 bytes)
1501559103.358614 sending message 105 to peer 0x7faa1d001000 (60 bytes)
1501559103.358619 sending message 105 to peer 0x7faa1d001000 (15 bytes)
1501559103.358624 sending message 105 to peer 0x7faa1d001000 (31 bytes)
1501559103.358629 sending message 105 to peer 0x7faa1d001000 (17 bytes)
1501559103.358634 sending message 105 to peer 0x7faa1d001000 (15 bytes)
1501559103.358639 sending message 106 to peer 0x7faa1d001000 (0 bytes)
1501559103.358692 sending message 200 to peer 0x7faa1d001000 (4 bytes)
1501559103.358704 client loop enter
1501559103.361298 peer 0x7faa1d001000 message 211
1501559103.361333 peer 0x7faa1d001000 message 203
1501559103.361342 client loop exit
